<?xml version="1.0" encoding="UTF-8"?>
<!-- Generated by org.testng.reporters.JUnitReportReporter -->
<testsuite hostname="MadanC" failures="0" tests="2" name="testCases.TC001_AccountRegistrationTest" time="10.680" errors="0" timestamp="2026-05-05T19:21:17 EDT" skipped="0">
  <testcase classname="testCases.TC001_AccountRegistrationTest" name="verify_account_registration" time="4.962"/>
  <testcase classname="testCases.TC001_AccountRegistrationTest" name="verify_account_registration" time="5.718"/>
</testsuite> <!-- testCases.TC001_AccountRegistrationTest -->
